-- The C compiler identification is AppleClang 17.0.0.17000013
-- The CXX compiler identification is AppleClang 17.0.0.17000013
-- Detecting C compiler ABI info
-- Detecting C compiler ABI info - done
-- Check for working C compiler: /usr/bin/clang - skipped
-- Detecting C compile features
-- Detecting C compile features - done
-- Detecting CXX compiler ABI info
-- Detecting CXX compiler ABI info - done
-- Check for working CXX compiler: /usr/bin/clang++ - skipped
-- Detecting CXX compile features
-- Detecting CXX compile features - done
-- The ASM compiler identification is AppleClang
-- Found assembler: /usr/bin/clang
-- Building BCPL for 64-bit architecture on Darwin
-- Building BCPL compiler front-end with C bootstrap
-- === BCPL Compiler Build Configuration ===
-- Build type: 
-- Platform: MACOS
-- Architecture: 64-bit
-- C Compiler: AppleClang 17.0.0.17000013
-- LLVM Backend: 
-- Runtime: Pure C23 implementation
-- ==========================================
-- 🧪 Building comprehensive modernization test suite...
-- Checking for module 'check'
--   Package 'check' not found
-- 📦 Installing minimal test framework...
-- 
-- 🎯 Test Suite Configuration Complete!
-- ✅ Runtime modernization tests
-- ✅ Platform compatibility tests
-- ✅ Performance validation tests
-- ✅ Assembly elimination tests
-- ✅ Integration tests
-- 
-- Run tests with: make test
-- 
-- Configuring done (3.9s)
-- Generating done (0.1s)
-- Build files have been written to: /Users/eirikr/Documents/GitHub/bcpl-compiler/build_ninja
